<?xml version="1.0" encoding="UTF-8"?>
<testsuite name="dominio.unitaria.LibroTest" tests="1" skipped="0" failures="0" errors="0" timestamp="2018-02-15T03:16:29" hostname="mvtesting" time="0.002">
  <properties/>
  <testcase name="crearLibroTest" classname="dominio.unitaria.LibroTest" time="0.002"/>
  <system-out><![CDATA[]]></system-out>
  <system-err><![CDATA[]]></system-err>
</testsuite>
